빌드 시작: 2016-04-02 오후 2:21:48
     1>2 노드의 "E:\Dropbox\한빛 업무 문서\진행 원고\20. 알고리즘 퍼즐북\09_예제\17\code17_6\code17_6.vcxproj" 프로젝트(Build 대상)입니다.
     1>ClCompile:
         C:\Program Files (x86)\Microsoft Visual Studio 12.0\VC\bin\CL.exe /c /ZI /nologo /W3 /WX- /Od /Oy- /D WIN32 /D _DEBUG /D _CONSOLE /D _LIB /D _UNICODE /D UNICODE /Gm /EHsc /RTC1 /MDd /GS /fp:precise /Zc:wchar_t /Zc:forScope /Fo"Debug\\" /Fd"Debug\vc120.pdb" /Gd /TC /analyze- /errorReport:prompt code17_6.c
         code17_6.c
     1>e:\dropbox\한빛 업무 문서\진행 원고\20. 알고리즘 퍼즐북\09_예제\17\code17_6\code17_6.c(99): warning C4996: 'setbuf': This function or variable may be unsafe. Consider using setvbuf instead. To disable deprecation, use _CRT_SECURE_NO_WARNINGS. See online help for details.
                 c:\program files (x86)\microsoft visual studio 12.0\vc\include\stdio.h(292) : 'setbuf' 선언을 참조하십시오.
     1>e:\dropbox\한빛 업무 문서\진행 원고\20. 알고리즘 퍼즐북\09_예제\17\code17_6\code17_6.c(100): warning C4996: 'freopen': This function or variable may be unsafe. Consider using freopen_s instead. To disable deprecation, use _CRT_SECURE_NO_WARNINGS. See online help for details.
                 c:\program files (x86)\microsoft visual studio 12.0\vc\include\stdio.h(226) : 'freopen' 선언을 참조하십시오.
     1>e:\dropbox\한빛 업무 문서\진행 원고\20. 알고리즘 퍼즐북\09_예제\17\code17_6\code17_6.c(101): warning C4996: 'scanf': This function or variable may be unsafe. Consider using scanf_s instead. To disable deprecation, use _CRT_SECURE_NO_WARNINGS. See online help for details.
                 c:\program files (x86)\microsoft visual studio 12.0\vc\include\stdio.h(283) : 'scanf' 선언을 참조하십시오.
     1>e:\dropbox\한빛 업무 문서\진행 원고\20. 알고리즘 퍼즐북\09_예제\17\code17_6\code17_6.c(106): warning C4996: 'scanf': This function or variable may be unsafe. Consider using scanf_s instead. To disable deprecation, use _CRT_SECURE_NO_WARNINGS. See online help for details.
                 c:\program files (x86)\microsoft visual studio 12.0\vc\include\stdio.h(283) : 'scanf' 선언을 참조하십시오.
     1>e:\dropbox\한빛 업무 문서\진행 원고\20. 알고리즘 퍼즐북\09_예제\17\code17_6\code17_6.c(66): warning C4715: 'deQueue' : 모든 제어 경로에서 값을 반환하지는 않습니다.
       Link:
         C:\Program Files (x86)\Microsoft Visual Studio 12.0\VC\bin\link.exe /ERRORREPORT:PROMPT /OUT:"E:\Dropbox\한빛 업무 문서\진행 원고\20. 알고리즘 퍼즐북\09_예제\17\code17_6\Debug\code17_6.exe" /INCREMENTAL /NOLOGO kernel32.lib user32.lib gdi32.lib winspool.lib comdlg32.lib advapi32.lib shell32.lib ole32.lib oleaut32.lib uuid.lib odbc32.lib odbccp32.lib /MANIFEST /MANIFESTUAC:"level='asInvoker' uiAccess='false'" /manifest:embed /DEBUG /PDB:"E:\Dropbox\한빛 업무 문서\진행 원고\20. 알고리즘 퍼즐북\09_예제\17\code17_6\Debug\code17_6.pdb" /SUBSYSTEM:CONSOLE /TLBID:1 /DYNAMICBASE /NXCOMPAT /IMPLIB:"E:\Dropbox\한빛 업무 문서\진행 원고\20. 알고리즘 퍼즐북\09_예제\17\code17_6\Debug\code17_6.lib" /MACHINE:X86 Debug\code17_6.obj
         code17_6.vcxproj -> E:\Dropbox\한빛 업무 문서\진행 원고\20. 알고리즘 퍼즐북\09_예제\17\code17_6\Debug\code17_6.exe
     1>"E:\Dropbox\한빛 업무 문서\진행 원고\20. 알고리즘 퍼즐북\09_예제\17\code17_6\code17_6.vcxproj" 프로젝트를 빌드했습니다(Build 대상).

빌드했습니다.

경과 시간: 00:00:00.51
